[2025-07-29T19:32:49Z] [gateway] [INFO] Calling authClient.VerifyToken from middleware with token: eyJhbGciOiJIUzI1NiIsInR5cCI6IkpXVCJ9.eyJlbWFpbCI6Imtha2FzaGlAYW5idS5qcCIsImV4cCI6MTc1MzgxODM4NSwicm9sZSI6ImFkbWluIiwic3ViIjoiMzBZdjhsZkdnZEJKTWRFeTFNeklkMkJ6b2F6IiwidG9rZW5fdmVyc2lvbiI6Mn0.Gf3vfM9rWocTO6i4_2ljVE_HBFjhWjPLyVfUT0mPmd0
[2025-07-29T19:32:49Z] [auth] [INFO] claim extracted user = 30Yv8lfGgdBJMdEy1MzId2Bzoaz | email = kakashi@anbu.jp | role = admin
[2025-07-29T19:32:49Z] [account] [INFO]  [/AccountService/GetEmailForAuth]   Fetched account for auth with ID: 30Yv8lfGgdBJMdEy1MzId2Bzoaz
[2025-07-29T19:32:49Z] [account] [INFO]  [/AccountService/GetEmailForAuth]   Fetched account for auth with ID: 30Yv8lfGgdBJMdEy1MzId2Bzoaz
[2025-07-29T19:32:49Z] [account] [INFO]  [/AccountService/GetEmailForAuth]   Fetched email: kakashi@anbu.jp
[2025-07-29T19:32:49Z] [auth] [INFO]  [/auth.AuthService/Verify]   Fetched email: kakashi@anbu.jp
[2025-07-29T19:32:49Z] [auth] [ERROR]  [/auth.AuthService/Verify]   Token version mismatch - user logged out, please login again
[2025-07-29T19:32:49Z] [auth] [ERROR]  [/auth.AuthService/Verify]   Failed to verify token in server: token invalid or expired, please login again
[2025-07-29T19:32:49Z] [gateway] [ERROR] Failed to verify token: rpc error: code = Unknown desc = token invalid or expired, please login again
[2025-07-29T19:32:49Z] [gateway] [INFO] Calling authClient.VerifyToken from middleware with token: eyJhbGciOiJIUzI1NiIsInR5cCI6IkpXVCJ9.eyJlbWFpbCI6Imtha2FzaGlAYW5idS5qcCIsImV4cCI6MTc1MzgxODM4NSwicm9sZSI6ImFkbWluIiwic3ViIjoiMzBZdjhsZkdnZEJKTWRFeTFNeklkMkJ6b2F6IiwidG9rZW5fdmVyc2lvbiI6Mn0.Gf3vfM9rWocTO6i4_2ljVE_HBFjhWjPLyVfUT0mPmd0
[2025-07-29T19:32:49Z] [auth] [INFO] claim extracted user = 30Yv8lfGgdBJMdEy1MzId2Bzoaz | email = kakashi@anbu.jp | role = admin
[2025-07-29T19:32:49Z] [account] [INFO]  [/AccountService/GetEmailForAuth]   Fetched account for auth with ID: 30Yv8lfGgdBJMdEy1MzId2Bzoaz
[2025-07-29T19:32:49Z] [account] [INFO]  [/AccountService/GetEmailForAuth]   Fetched account for auth with ID: 30Yv8lfGgdBJMdEy1MzId2Bzoaz
[2025-07-29T19:32:49Z] [account] [INFO]  [/AccountService/GetEmailForAuth]   Fetched email: kakashi@anbu.jp
[2025-07-29T19:32:49Z] [auth] [INFO]  [/auth.AuthService/Verify]   Fetched email: kakashi@anbu.jp
[2025-07-29T19:32:49Z] [auth] [ERROR]  [/auth.AuthService/Verify]   Token version mismatch - user logged out, please login again
[2025-07-29T19:32:49Z] [auth] [ERROR]  [/auth.AuthService/Verify]   Failed to verify token in server: token invalid or expired, please login again
[2025-07-29T19:32:49Z] [gateway] [ERROR] Failed to verify token: rpc error: code = Unknown desc = token invalid or expired, please login again
[2025-07-29T19:35:37Z] [gateway] [INFO] Calling authClient.VerifyToken from middleware with token: eyJhbGciOiJIUzI1NiIsInR5cCI6IkpXVCJ9.eyJlbWFpbCI6Imtha2FzaGlAYW5idS5qcCIsImV4cCI6MTc1MzgxODM4NSwicm9sZSI6ImFkbWluIiwic3ViIjoiMzBZdjhsZkdnZEJKTWRFeTFNeklkMkJ6b2F6IiwidG9rZW5fdmVyc2lvbiI6Mn0.Gf3vfM9rWocTO6i4_2ljVE_HBFjhWjPLyVfUT0mPmd0
[2025-07-29T19:35:37Z] [auth] [INFO] claim extracted user = 30Yv8lfGgdBJMdEy1MzId2Bzoaz | email = kakashi@anbu.jp | role = admin
[2025-07-29T19:35:37Z] [account] [INFO]  [/AccountService/GetEmailForAuth]   Fetched account for auth with ID: 30Yv8lfGgdBJMdEy1MzId2Bzoaz
[2025-07-29T19:35:37Z] [account] [INFO]  [/AccountService/GetEmailForAuth]   Fetched account for auth with ID: 30Yv8lfGgdBJMdEy1MzId2Bzoaz
[2025-07-29T19:35:37Z] [account] [INFO]  [/AccountService/GetEmailForAuth]   Fetched email: kakashi@anbu.jp
[2025-07-29T19:35:37Z] [auth] [INFO]  [/auth.AuthService/Verify]   Fetched email: kakashi@anbu.jp
[2025-07-29T19:35:37Z] [auth] [ERROR]  [/auth.AuthService/Verify]   Token version mismatch - user logged out, please login again
[2025-07-29T19:35:37Z] [auth] [ERROR]  [/auth.AuthService/Verify]   Failed to verify token in server: token invalid or expired, please login again
[2025-07-29T19:35:37Z] [gateway] [ERROR] Failed to verify token: rpc error: code = Unknown desc = token invalid or expired, please login again
[2025-07-29T19:36:43Z] [account] [INFO]  [/AccountService/GetEmailForAuth]   Fetched account for auth with ID: 30Yv8lfGgdBJMdEy1MzId2Bzoaz
[2025-07-29T19:36:43Z] [account] [INFO]  [/AccountService/GetEmailForAuth]   Fetched account for auth with ID: 30Yv8lfGgdBJMdEy1MzId2Bzoaz
[2025-07-29T19:36:43Z] [account] [INFO]  [/AccountService/GetEmailForAuth]   Fetched email: kakashi@anbu.jp
[2025-07-29T19:36:43Z] [auth] [INFO]  [/auth.AuthService/Login]   Fetched email: kakashi@anbu.jp
[2025-07-29T19:36:43Z] [auth] [INFO]  [/auth.AuthService/Login]   Refresh token stored successfully for user: kakashi@anbu.jp
[2025-07-29T19:36:43Z] [auth] [INFO]  [/auth.AuthService/Login]   Login successful for user: kakashi@anbu.jp
[2025-07-29T19:36:54Z] [gateway] [INFO] Calling authClient.VerifyToken from middleware with token: eyJhbGciOiJIUzI1NiIsInR5cCI6IkpXVCJ9.eyJlbWFpbCI6Imtha2FzaGlAYW5idS5qcCIsImV4cCI6MTc1MzgxODcwMywicm9sZSI6ImFkbWluIiwic3ViIjoiMzBZdjhsZkdnZEJKTWRFeTFNeklkMkJ6b2F6IiwidG9rZW5fdmVyc2lvbiI6M30.nydD4B3Zqxioi2AACxEQoKb6Mqdmn_DIoxPas6iJ0rM
[2025-07-29T19:36:54Z] [auth] [INFO] claim extracted user = 30Yv8lfGgdBJMdEy1MzId2Bzoaz | email = kakashi@anbu.jp | role = admin
[2025-07-29T19:36:54Z] [account] [INFO]  [/AccountService/GetEmailForAuth]   Fetched account for auth with ID: 30Yv8lfGgdBJMdEy1MzId2Bzoaz
[2025-07-29T19:36:54Z] [account] [INFO]  [/AccountService/GetEmailForAuth]   Fetched account for auth with ID: 30Yv8lfGgdBJMdEy1MzId2Bzoaz
[2025-07-29T19:36:54Z] [account] [INFO]  [/AccountService/GetEmailForAuth]   Fetched email: kakashi@anbu.jp
[2025-07-29T19:36:54Z] [auth] [INFO]  [/auth.AuthService/Verify]   Fetched email: kakashi@anbu.jp
[2025-07-29T19:36:54Z] [auth] [INFO]  [/auth.AuthService/Verify]   User verified in service: 30Yv8lfGgdBJMdEy1MzId2Bzoaz | email = kakashi@anbu.jp | role = admin
[2025-07-29T19:36:54Z] [gateway] [INFO] User verified in middleware: kakashi@anbu.jp | role: admin
[2025-07-29T19:36:54Z] [gateway] [INFO] User authenticated: kakashi@anbu.jp | role: admin | token: eyJhbGciOiJIUzI1NiIsInR5cCI6IkpXVCJ9.eyJlbWFpbCI6Imtha2FzaGlAYW5idS5qcCIsImV4cCI6MTc1MzgxODcwMywicm9sZSI6ImFkbWluIiwic3ViIjoiMzBZdjhsZkdnZEJKTWRFeTFNeklkMkJ6b2F6IiwidG9rZW5fdmVyc2lvbiI6M30.nydD4B3Zqxioi2AACxEQoKb6Mqdmn_DIoxPas6iJ0rM
[2025-07-29T19:36:54Z] [gateway] [INFO] Injected user into context: kakashi@anbu.jp | role: admin | token: eyJhbGciOiJIUzI1NiIsInR5cCI6IkpXVCJ9.eyJlbWFpbCI6Imtha2FzaGlAYW5idS5qcCIsImV4cCI6MTc1MzgxODcwMywicm9sZSI6ImFkbWluIiwic3ViIjoiMzBZdjhsZkdnZEJKTWRFeTFNeklkMkJ6b2F6IiwidG9rZW5fdmVyc2lvbiI6M30.nydD4B3Zqxioi2AACxEQoKb6Mqdmn_DIoxPas6iJ0rM
[2025-07-29T19:36:54Z] [gateway] [INFO] Admin kakashi@anbu.jp is fetching accounts.
[2025-07-29T19:36:54Z] [account] [INFO]  [/AccountService/GetAccounts]   Returned 6 accounts from DB
[2025-07-29T19:36:54Z] [account] [INFO]  [/AccountService/GetAccounts]   Fetched accounts count: 6
[2025-07-29T19:36:54Z] [account] [INFO]  [/AccountService/GetAccounts]   Fetched 6 accounts
[2025-07-29T19:36:54Z] [gateway] [INFO] Fetched 6 accounts
[2025-07-29T19:37:58Z] [account] [ERROR]  [/AccountService/PostAccount]   Failed to insert account: pq: duplicate key value violates unique constraint "accounts_email_key"
[2025-07-29T19:37:58Z] [account] [ERROR]  [/AccountService/PostAccount]   Failed to store new account: pq: duplicate key value violates unique constraint "accounts_email_key"
[2025-07-29T19:37:58Z] [account] [ERROR]  [/AccountService/PostAccount]   PostAccount service error: pq: duplicate key value violates unique constraint "accounts_email_key"
[2025-07-29T19:37:58Z] [auth] [ERROR]  [/auth.AuthService/Signup]   PostAccount RPC failed: rpc error: code = Unknown desc = pq: duplicate key value violates unique constraint "accounts_email_key"
[2025-07-29T19:37:58Z] [auth] [ERROR]  [/auth.AuthService/Signup]   Account creation failed: rpc error: code = Unknown desc = pq: duplicate key value violates unique constraint "accounts_email_key"
[2025-07-29T19:37:58Z] [gateway] [ERROR] Error from AuthClient.Signup: rpc error: code = Unknown desc = failed to create account
[2025-07-29T19:37:58Z] [account] [ERROR]  [/AccountService/PostAccount]   Failed to insert account: pq: duplicate key value violates unique constraint "accounts_email_key"
[2025-07-29T19:37:58Z] [account] [ERROR]  [/AccountService/PostAccount]   Failed to store new account: pq: duplicate key value violates unique constraint "accounts_email_key"
[2025-07-29T19:37:58Z] [account] [ERROR]  [/AccountService/PostAccount]   PostAccount service error: pq: duplicate key value violates unique constraint "accounts_email_key"
[2025-07-29T19:37:58Z] [auth] [ERROR]  [/auth.AuthService/Signup]   PostAccount RPC failed: rpc error: code = Unknown desc = pq: duplicate key value violates unique constraint "accounts_email_key"
[2025-07-29T19:37:58Z] [auth] [ERROR]  [/auth.AuthService/Signup]   Account creation failed: rpc error: code = Unknown desc = pq: duplicate key value violates unique constraint "accounts_email_key"
[2025-07-29T19:37:58Z] [gateway] [ERROR] Error from AuthClient.Signup: rpc error: code = Unknown desc = failed to create account
[2025-07-29T19:37:58Z] [account] [ERROR]  [/AccountService/PostAccount]   Failed to insert account: pq: duplicate key value violates unique constraint "accounts_email_key"
[2025-07-29T19:37:58Z] [account] [ERROR]  [/AccountService/PostAccount]   Failed to store new account: pq: duplicate key value violates unique constraint "accounts_email_key"
[2025-07-29T19:37:58Z] [account] [ERROR]  [/AccountService/PostAccount]   PostAccount service error: pq: duplicate key value violates unique constraint "accounts_email_key"
[2025-07-29T19:37:58Z] [auth] [ERROR]  [/auth.AuthService/Signup]   PostAccount RPC failed: rpc error: code = Unknown desc = pq: duplicate key value violates unique constraint "accounts_email_key"
[2025-07-29T19:37:58Z] [auth] [ERROR]  [/auth.AuthService/Signup]   Account creation failed: rpc error: code = Unknown desc = pq: duplicate key value violates unique constraint "accounts_email_key"
[2025-07-29T19:37:58Z] [gateway] [ERROR] Error from AuthClient.Signup: rpc error: code = Unknown desc = failed to create account
[2025-07-29T19:37:59Z] [account] [ERROR]  [/AccountService/PostAccount]   Failed to insert account: pq: duplicate key value violates unique constraint "accounts_email_key"
[2025-07-29T19:37:59Z] [account] [ERROR]  [/AccountService/PostAccount]   Failed to store new account: pq: duplicate key value violates unique constraint "accounts_email_key"
[2025-07-29T19:37:59Z] [account] [ERROR]  [/AccountService/PostAccount]   PostAccount service error: pq: duplicate key value violates unique constraint "accounts_email_key"
[2025-07-29T19:37:59Z] [auth] [ERROR]  [/auth.AuthService/Signup]   PostAccount RPC failed: rpc error: code = Unknown desc = pq: duplicate key value violates unique constraint "accounts_email_key"
[2025-07-29T19:37:59Z] [auth] [ERROR]  [/auth.AuthService/Signup]   Account creation failed: rpc error: code = Unknown desc = pq: duplicate key value violates unique constraint "accounts_email_key"
[2025-07-29T19:37:59Z] [gateway] [ERROR] Error from AuthClient.Signup: rpc error: code = Unknown desc = failed to create account
[2025-07-29T19:37:59Z] [account] [ERROR]  [/AccountService/PostAccount]   Failed to insert account: pq: duplicate key value violates unique constraint "accounts_email_key"
[2025-07-29T19:37:59Z] [account] [ERROR]  [/AccountService/PostAccount]   Failed to store new account: pq: duplicate key value violates unique constraint "accounts_email_key"
[2025-07-29T19:37:59Z] [account] [ERROR]  [/AccountService/PostAccount]   PostAccount service error: pq: duplicate key value violates unique constraint "accounts_email_key"
[2025-07-29T19:37:59Z] [auth] [ERROR]  [/auth.AuthService/Signup]   PostAccount RPC failed: rpc error: code = Unknown desc = pq: duplicate key value violates unique constraint "accounts_email_key"
[2025-07-29T19:37:59Z] [auth] [ERROR]  [/auth.AuthService/Signup]   Account creation failed: rpc error: code = Unknown desc = pq: duplicate key value violates unique constraint "accounts_email_key"
[2025-07-29T19:37:59Z] [gateway] [ERROR] Error from AuthClient.Signup: rpc error: code = Unknown desc = failed to create account
[2025-07-29T19:37:59Z] [account] [ERROR]  [/AccountService/PostAccount]   Failed to insert account: pq: duplicate key value violates unique constraint "accounts_email_key"
[2025-07-29T19:37:59Z] [account] [ERROR]  [/AccountService/PostAccount]   Failed to store new account: pq: duplicate key value violates unique constraint "accounts_email_key"
[2025-07-29T19:37:59Z] [account] [ERROR]  [/AccountService/PostAccount]   PostAccount service error: pq: duplicate key value violates unique constraint "accounts_email_key"
[2025-07-29T19:37:59Z] [auth] [ERROR]  [/auth.AuthService/Signup]   PostAccount RPC failed: rpc error: code = Unknown desc = pq: duplicate key value violates unique constraint "accounts_email_key"
[2025-07-29T19:37:59Z] [auth] [ERROR]  [/auth.AuthService/Signup]   Account creation failed: rpc error: code = Unknown desc = pq: duplicate key value violates unique constraint "accounts_email_key"
[2025-07-29T19:37:59Z] [gateway] [ERROR] Error from AuthClient.Signup: rpc error: code = Unknown desc = failed to create account
[2025-07-29T19:40:09Z] Logger service started....
--------------------------------------------------------------------------
[2025-07-29T19:40:09Z] [account] [INFO] Starting account service
[2025-07-29T19:40:09Z] [catalog] [INFO] Starting catalog service...
[2025-07-29T19:40:09Z] [catalog] [INFO] Connecting to Elasticsearch at http://catalog_db:9200
[2025-07-29T19:40:09Z] [order] [INFO] Starting order service...
[2025-07-29T19:40:09Z] [account] [INFO] Successfully connected to PostgreSQL
[2025-07-29T19:40:09Z] [account] [INFO] Connected to database: postgres://zenvis:467578@account_db/zenvis?sslmode=disable
[2025-07-29T19:40:09Z] [account] [INFO] Starting gRPC server for account service on port 8080
[2025-07-29T19:40:10Z] [order] [INFO] Successfully connected to PostgreSQL
[2025-07-29T19:40:10Z] [order] [INFO] Connected to database: postgres://zenvis:467578@order_db/zenvis?sslmode=disable
[2025-07-29T19:40:10Z] [order] [INFO] Creating order service with dependencies
[2025-07-29T19:40:10Z] [order] [INFO] Starting gRPC server for order service on port 8080
[2025-07-29T19:40:10Z] [order] [INFO] Order gRPC server started on port 8080
[2025-07-29T19:40:10Z] [auth] [INFO] Successfully connected to access_token PostgreSQL
[2025-07-29T19:40:10Z] [auth] [INFO] Connected to refresh_tokens database: postgres://zenvis:467578@refresh_tokens_db/zenvis?sslmode=disable
[2025-07-29T19:40:10Z] [auth] [INFO] Starting gRPC server for auth service on port 8080
[2025-07-29T19:40:10Z] [auth] [INFO] Auth gRPC server started on :8080
[2025-07-29T19:40:10Z] [gateway] [INFO] Starting GraphQL gateway service...
[2025-07-29T19:40:10Z] [gateway] [INFO] Connected to account service
[2025-07-29T19:40:10Z] [gateway] [INFO] Connected to catalog service
[2025-07-29T19:40:10Z] [gateway] [INFO] Connected to OrderService at order:8080
[2025-07-29T19:40:10Z] [gateway] [INFO] Connected to order service
[2025-07-29T19:40:10Z] [gateway] [INFO] Connected to auth service
[2025-07-29T19:40:10Z] [gateway] [INFO] Connected to NATS
[2025-07-29T19:40:10Z] [gateway] [INFO] Enabling WebSocket transport for subscriptions
[2025-07-29T19:40:10Z] [gateway] [INFO] GraphQL gateway listening on :8080
[2025-07-29T19:40:14Z] [catalog] [ERROR] Failed to connect to Elasticsearch: health check timeout: Head "http://catalog_db:9200": dial tcp 172.18.0.5:9200: connect: connection refused: no Elasticsearch node available
[2025-07-29T19:40:14Z] [catalog] [ERROR] Failed to connect to Elasticsearch: health check timeout: Head "http://catalog_db:9200": dial tcp 172.18.0.5:9200: connect: connection refused: no Elasticsearch node available
[2025-07-29T19:40:19Z] [catalog] [INFO] Connecting to Elasticsearch at http://catalog_db:9200
[2025-07-29T19:40:20Z] [catalog] [INFO] Connected to Elasticsearch at http://catalog_db:9200
[2025-07-29T19:40:20Z] [catalog] [Connected to Elasticsearch at http://catalog_db:9200] catalog
[2025-07-29T19:40:20Z] [catalog] [INFO] Connected to Elasticsearch at http://catalog_db:9200
[2025-07-29T19:40:20Z] [catalog] [INFO] Starting gRPC server for catalog microservice on port 8080
[2025-07-29T19:41:52Z] [account] [ERROR]  [/AccountService/PostAccount]   Failed to insert account: pq: duplicate key value violates unique constraint "accounts_email_key"
[2025-07-29T19:41:52Z] [account] [ERROR]  [/AccountService/PostAccount]   Failed to store new account: pq: duplicate key value violates unique constraint "accounts_email_key"
[2025-07-29T19:41:52Z] [account] [ERROR]  [/AccountService/PostAccount]   PostAccount service error: pq: duplicate key value violates unique constraint "accounts_email_key"
[2025-07-29T19:41:52Z] [auth] [ERROR]  [/auth.AuthService/Signup]   PostAccount RPC failed: rpc error: code = Unknown desc = pq: duplicate key value violates unique constraint "accounts_email_key"
[2025-07-29T19:41:52Z] [auth] [ERROR]  [/auth.AuthService/Signup]   Account creation failed: rpc error: code = Unknown desc = pq: duplicate key value violates unique constraint "accounts_email_key"
[2025-07-29T19:41:52Z] [gateway] [ERROR] Error from AuthClient.Signup: rpc error: code = Unknown desc = failed to create account
[2025-07-29T19:41:52Z] [account] [ERROR]  [/AccountService/PostAccount]   Failed to insert account: pq: duplicate key value violates unique constraint "accounts_email_key"
[2025-07-29T19:41:52Z] [account] [ERROR]  [/AccountService/PostAccount]   Failed to store new account: pq: duplicate key value violates unique constraint "accounts_email_key"
[2025-07-29T19:41:52Z] [account] [ERROR]  [/AccountService/PostAccount]   PostAccount service error: pq: duplicate key value violates unique constraint "accounts_email_key"
[2025-07-29T19:41:52Z] [auth] [ERROR]  [/auth.AuthService/Signup]   PostAccount RPC failed: rpc error: code = Unknown desc = pq: duplicate key value violates unique constraint "accounts_email_key"
[2025-07-29T19:41:52Z] [auth] [ERROR]  [/auth.AuthService/Signup]   Account creation failed: rpc error: code = Unknown desc = pq: duplicate key value violates unique constraint "accounts_email_key"
[2025-07-29T19:41:52Z] [gateway] [ERROR] Error from AuthClient.Signup: rpc error: code = Unknown desc = failed to create account
[2025-07-29T19:41:52Z] [account] [ERROR]  [/AccountService/PostAccount]   Failed to insert account: pq: duplicate key value violates unique constraint "accounts_email_key"
[2025-07-29T19:41:52Z] [account] [ERROR]  [/AccountService/PostAccount]   Failed to store new account: pq: duplicate key value violates unique constraint "accounts_email_key"
[2025-07-29T19:41:52Z] [account] [ERROR]  [/AccountService/PostAccount]   PostAccount service error: pq: duplicate key value violates unique constraint "accounts_email_key"
[2025-07-29T19:41:52Z] [auth] [ERROR]  [/auth.AuthService/Signup]   PostAccount RPC failed: rpc error: code = Unknown desc = pq: duplicate key value violates unique constraint "accounts_email_key"
[2025-07-29T19:41:52Z] [auth] [ERROR]  [/auth.AuthService/Signup]   Account creation failed: rpc error: code = Unknown desc = pq: duplicate key value violates unique constraint "accounts_email_key"
[2025-07-29T19:41:52Z] [gateway] [ERROR] Error from AuthClient.Signup: rpc error: code = Unknown desc = failed to create account
[2025-07-29T19:41:53Z] [account] [ERROR]  [/AccountService/PostAccount]   Failed to insert account: pq: duplicate key value violates unique constraint "accounts_email_key"
[2025-07-29T19:41:53Z] [account] [ERROR]  [/AccountService/PostAccount]   Failed to store new account: pq: duplicate key value violates unique constraint "accounts_email_key"
[2025-07-29T19:41:53Z] [account] [ERROR]  [/AccountService/PostAccount]   PostAccount service error: pq: duplicate key value violates unique constraint "accounts_email_key"
[2025-07-29T19:41:53Z] [auth] [ERROR]  [/auth.AuthService/Signup]   PostAccount RPC failed: rpc error: code = Unknown desc = pq: duplicate key value violates unique constraint "accounts_email_key"
[2025-07-29T19:41:53Z] [auth] [ERROR]  [/auth.AuthService/Signup]   Account creation failed: rpc error: code = Unknown desc = pq: duplicate key value violates unique constraint "accounts_email_key"
[2025-07-29T19:41:53Z] [gateway] [ERROR] Error from AuthClient.Signup: rpc error: code = Unknown desc = failed to create account
[2025-07-29T19:41:53Z] [account] [ERROR]  [/AccountService/PostAccount]   Failed to insert account: pq: duplicate key value violates unique constraint "accounts_email_key"
[2025-07-29T19:41:53Z] [account] [ERROR]  [/AccountService/PostAccount]   Failed to store new account: pq: duplicate key value violates unique constraint "accounts_email_key"
[2025-07-29T19:41:53Z] [account] [ERROR]  [/AccountService/PostAccount]   PostAccount service error: pq: duplicate key value violates unique constraint "accounts_email_key"
[2025-07-29T19:41:53Z] [auth] [ERROR]  [/auth.AuthService/Signup]   PostAccount RPC failed: rpc error: code = Unknown desc = pq: duplicate key value violates unique constraint "accounts_email_key"
[2025-07-29T19:41:53Z] [auth] [ERROR]  [/auth.AuthService/Signup]   Account creation failed: rpc error: code = Unknown desc = pq: duplicate key value violates unique constraint "accounts_email_key"
[2025-07-29T19:41:53Z] [gateway] [ERROR] Error from AuthClient.Signup: rpc error: code = Unknown desc = failed to create account
[2025-07-29T19:41:53Z] [account] [ERROR]  [/AccountService/PostAccount]   Failed to insert account: pq: duplicate key value violates unique constraint "accounts_email_key"
[2025-07-29T19:41:53Z] [account] [ERROR]  [/AccountService/PostAccount]   Failed to store new account: pq: duplicate key value violates unique constraint "accounts_email_key"
[2025-07-29T19:41:53Z] [account] [ERROR]  [/AccountService/PostAccount]   PostAccount service error: pq: duplicate key value violates unique constraint "accounts_email_key"
[2025-07-29T19:41:53Z] [auth] [ERROR]  [/auth.AuthService/Signup]   PostAccount RPC failed: rpc error: code = Unknown desc = pq: duplicate key value violates unique constraint "accounts_email_key"
[2025-07-29T19:41:53Z] [auth] [ERROR]  [/auth.AuthService/Signup]   Account creation failed: rpc error: code = Unknown desc = pq: duplicate key value violates unique constraint "accounts_email_key"
[2025-07-29T19:41:53Z] [gateway] [ERROR] Error from AuthClient.Signup: rpc error: code = Unknown desc = failed to create account
[2025-07-29T19:42:04Z] [account] [INFO]  [/AccountService/GetEmailForAuth]   Fetched account for auth with ID: 30Yv8lfGgdBJMdEy1MzId2Bzoaz
[2025-07-29T19:42:04Z] [account] [INFO]  [/AccountService/GetEmailForAuth]   Fetched account for auth with ID: 30Yv8lfGgdBJMdEy1MzId2Bzoaz
[2025-07-29T19:42:04Z] [account] [INFO]  [/AccountService/GetEmailForAuth]   Fetched email: kakashi@anbu.jp
[2025-07-29T19:42:04Z] [auth] [INFO]  [/auth.AuthService/Login]   Fetched email: kakashi@anbu.jp
[2025-07-29T19:42:04Z] [auth] [INFO]  [/auth.AuthService/Login]   Refresh token stored successfully for user: kakashi@anbu.jp
[2025-07-29T19:42:04Z] [auth] [INFO]  [/auth.AuthService/Login]   Login successful for user: kakashi@anbu.jp
[2025-07-29T19:42:48Z] [gateway] [INFO] Calling authClient.VerifyToken from middleware with token: eyJhbGciOiJIUzI1NiIsInR5cCI6IkpXVCJ9.eyJlbWFpbCI6Imtha2FzaGlAYW5idS5qcCIsImV4cCI6MTc1MzgxOTAyNCwicm9sZSI6ImFkbWluIiwic3ViIjoiMzBZdjhsZkdnZEJKTWRFeTFNeklkMkJ6b2F6IiwidG9rZW5fdmVyc2lvbiI6M30.ALyFVdMXtqJzff8kp6bJMxt1w3Groeyqo7TjE7pVFuo
[2025-07-29T19:42:48Z] [auth] [INFO] claim extracted user = 30Yv8lfGgdBJMdEy1MzId2Bzoaz | email = kakashi@anbu.jp | role = admin
[2025-07-29T19:42:48Z] [account] [INFO]  [/AccountService/GetEmailForAuth]   Fetched account for auth with ID: 30Yv8lfGgdBJMdEy1MzId2Bzoaz
[2025-07-29T19:42:48Z] [account] [INFO]  [/AccountService/GetEmailForAuth]   Fetched account for auth with ID: 30Yv8lfGgdBJMdEy1MzId2Bzoaz
[2025-07-29T19:42:48Z] [account] [INFO]  [/AccountService/GetEmailForAuth]   Fetched email: kakashi@anbu.jp
[2025-07-29T19:42:48Z] [auth] [INFO]  [/auth.AuthService/Verify]   Fetched email: kakashi@anbu.jp
[2025-07-29T19:42:48Z] [auth] [INFO]  [/auth.AuthService/Verify]   User verified in service: 30Yv8lfGgdBJMdEy1MzId2Bzoaz | email = kakashi@anbu.jp | role = admin
[2025-07-29T19:42:48Z] [gateway] [INFO] User verified in middleware: kakashi@anbu.jp | role: admin
[2025-07-29T19:42:48Z] [gateway] [INFO] User authenticated: kakashi@anbu.jp | role: admin | token: eyJhbGciOiJIUzI1NiIsInR5cCI6IkpXVCJ9.eyJlbWFpbCI6Imtha2FzaGlAYW5idS5qcCIsImV4cCI6MTc1MzgxOTAyNCwicm9sZSI6ImFkbWluIiwic3ViIjoiMzBZdjhsZkdnZEJKTWRFeTFNeklkMkJ6b2F6IiwidG9rZW5fdmVyc2lvbiI6M30.ALyFVdMXtqJzff8kp6bJMxt1w3Groeyqo7TjE7pVFuo
[2025-07-29T19:42:48Z] [gateway] [INFO] Injected user into context: kakashi@anbu.jp | role: admin | token: eyJhbGciOiJIUzI1NiIsInR5cCI6IkpXVCJ9.eyJlbWFpbCI6Imtha2FzaGlAYW5idS5qcCIsImV4cCI6MTc1MzgxOTAyNCwicm9sZSI6ImFkbWluIiwic3ViIjoiMzBZdjhsZkdnZEJKTWRFeTFNeklkMkJ6b2F6IiwidG9rZW5fdmVyc2lvbiI6M30.ALyFVdMXtqJzff8kp6bJMxt1w3Groeyqo7TjE7pVFuo
[2025-07-29T19:42:48Z] [gateway] [INFO] Admin kakashi@anbu.jp is fetching accounts.
[2025-07-29T19:42:48Z] [account] [INFO]  [/AccountService/GetAccounts]   Returned 6 accounts from DB
[2025-07-29T19:42:48Z] [account] [INFO]  [/AccountService/GetAccounts]   Fetched accounts count: 6
[2025-07-29T19:42:48Z] [account] [INFO]  [/AccountService/GetAccounts]   Fetched 6 accounts
[2025-07-29T19:42:48Z] [gateway] [INFO] Fetched 6 accounts
[2025-07-29T19:43:12Z] [gateway] [INFO] User 30Yv8lfGgdBJMdEy1MzId2Bzoaz is logging out.
[2025-07-29T19:43:12Z] [account] [INFO]  [/AccountService/IncrementTokenVersion]   Incremented token version for user ID: 30Yv8lfGgdBJMdEy1MzId2Bzoaz
[2025-07-29T19:43:12Z] [auth] [INFO]  [/auth.AuthService/Logout]   Incremented token version for user ID: 30Yv8lfGgdBJMdEy1MzId2Bzoaz
[2025-07-29T19:43:12Z] [auth] [INFO]  [/auth.AuthService/Logout]   User logged out successfully: 30Yv8lfGgdBJMdEy1MzId2Bzoaz
[2025-07-29T19:43:27Z] [gateway] [INFO] Calling authClient.VerifyToken from middleware with token: eyJhbGciOiJIUzI1NiIsInR5cCI6IkpXVCJ9.eyJlbWFpbCI6Imtha2FzaGlAYW5idS5qcCIsImV4cCI6MTc1MzgxOTAyNCwicm9sZSI6ImFkbWluIiwic3ViIjoiMzBZdjhsZkdnZEJKTWRFeTFNeklkMkJ6b2F6IiwidG9rZW5fdmVyc2lvbiI6M30.ALyFVdMXtqJzff8kp6bJMxt1w3Groeyqo7TjE7pVFuo
[2025-07-29T19:43:27Z] [auth] [INFO] claim extracted user = 30Yv8lfGgdBJMdEy1MzId2Bzoaz | email = kakashi@anbu.jp | role = admin
[2025-07-29T19:43:27Z] [account] [INFO]  [/AccountService/GetEmailForAuth]   Fetched account for auth with ID: 30Yv8lfGgdBJMdEy1MzId2Bzoaz
[2025-07-29T19:43:27Z] [account] [INFO]  [/AccountService/GetEmailForAuth]   Fetched account for auth with ID: 30Yv8lfGgdBJMdEy1MzId2Bzoaz
[2025-07-29T19:43:27Z] [account] [INFO]  [/AccountService/GetEmailForAuth]   Fetched email: kakashi@anbu.jp
[2025-07-29T19:43:27Z] [auth] [INFO]  [/auth.AuthService/Verify]   Fetched email: kakashi@anbu.jp
[2025-07-29T19:43:27Z] [auth] [ERROR]  [/auth.AuthService/Verify]   Token version mismatch - user logged out, please login again
[2025-07-29T19:43:27Z] [auth] [ERROR]  [/auth.AuthService/Verify]   Failed to verify token in server: token invalid or expired, please login again
[2025-07-29T19:43:27Z] [gateway] [ERROR] Failed to verify token: rpc error: code = Unknown desc = token invalid or expired, please login again
[2025-07-29T19:43:27Z] [gateway] [INFO] Calling authClient.VerifyToken from middleware with token: eyJhbGciOiJIUzI1NiIsInR5cCI6IkpXVCJ9.eyJlbWFpbCI6Imtha2FzaGlAYW5idS5qcCIsImV4cCI6MTc1MzgxOTAyNCwicm9sZSI6ImFkbWluIiwic3ViIjoiMzBZdjhsZkdnZEJKTWRFeTFNeklkMkJ6b2F6IiwidG9rZW5fdmVyc2lvbiI6M30.ALyFVdMXtqJzff8kp6bJMxt1w3Groeyqo7TjE7pVFuo
[2025-07-29T19:43:27Z] [auth] [INFO] claim extracted user = 30Yv8lfGgdBJMdEy1MzId2Bzoaz | email = kakashi@anbu.jp | role = admin
[2025-07-29T19:43:27Z] [account] [INFO]  [/AccountService/GetEmailForAuth]   Fetched account for auth with ID: 30Yv8lfGgdBJMdEy1MzId2Bzoaz
[2025-07-29T19:43:27Z] [account] [INFO]  [/AccountService/GetEmailForAuth]   Fetched account for auth with ID: 30Yv8lfGgdBJMdEy1MzId2Bzoaz
[2025-07-29T19:43:27Z] [account] [INFO]  [/AccountService/GetEmailForAuth]   Fetched email: kakashi@anbu.jp
[2025-07-29T19:43:27Z] [auth] [INFO]  [/auth.AuthService/Verify]   Fetched email: kakashi@anbu.jp
[2025-07-29T19:43:27Z] [auth] [ERROR]  [/auth.AuthService/Verify]   Token version mismatch - user logged out, please login again
[2025-07-29T19:43:27Z] [auth] [ERROR]  [/auth.AuthService/Verify]   Failed to verify token in server: token invalid or expired, please login again
[2025-07-29T19:43:27Z] [gateway] [ERROR] Failed to verify token: rpc error: code = Unknown desc = token invalid or expired, please login again
[2025-07-29T19:45:33Z] [gateway] [INFO] Calling authClient.VerifyToken from middleware with token: eyJhbGciOiJIUzI1NiIsInR5cCI6IkpXVCJ9.eyJlbWFpbCI6Imtha2FzaGlAYW5idS5qcCIsImV4cCI6MTc1MzgxOTAyNCwicm9sZSI6ImFkbWluIiwic3ViIjoiMzBZdjhsZkdnZEJKTWRFeTFNeklkMkJ6b2F6IiwidG9rZW5fdmVyc2lvbiI6M30.ALyFVdMXtqJzff8kp6bJMxt1w3Groeyqo7TjE7pVFuo
[2025-07-29T19:45:33Z] [auth] [INFO] claim extracted user = 30Yv8lfGgdBJMdEy1MzId2Bzoaz | email = kakashi@anbu.jp | role = admin
[2025-07-29T19:45:33Z] [account] [INFO]  [/AccountService/GetEmailForAuth]   Fetched account for auth with ID: 30Yv8lfGgdBJMdEy1MzId2Bzoaz
[2025-07-29T19:45:33Z] [account] [INFO]  [/AccountService/GetEmailForAuth]   Fetched account for auth with ID: 30Yv8lfGgdBJMdEy1MzId2Bzoaz
[2025-07-29T19:45:33Z] [account] [INFO]  [/AccountService/GetEmailForAuth]   Fetched email: kakashi@anbu.jp
[2025-07-29T19:45:33Z] [auth] [INFO]  [/auth.AuthService/Verify]   Fetched email: kakashi@anbu.jp
[2025-07-29T19:45:33Z] [auth] [ERROR]  [/auth.AuthService/Verify]   Token version mismatch - user logged out, please login again
[2025-07-29T19:45:33Z] [auth] [ERROR]  [/auth.AuthService/Verify]   Failed to verify token in server: token invalid or expired, please login again
[2025-07-29T19:45:33Z] [gateway] [ERROR] Failed to verify token: rpc error: code = Unknown desc = token invalid or expired, please login again
